<?xml version="1.0" encoding="UTF-8"?>
<!-- Generated by org.testng.reporters.JUnitXMLReporter -->
<testsuite hostname="DESKTOP-HRGKN31" ignored="0" name="Test" tests="3" failures="0" timestamp="2020-05-17T20:35:40 CDT" time="32.705" errors="0">
  <testcase name="f" time="11.34" classname="workingwithtestng.practisetesng2"/>
  <testcase name="testcase1" time="3.448" classname="workingwithtestng.Practisetestng"/>
  <testcase name="testcase2" time="3.536" classname="workingwithtestng.Practisetestng"/>
</testsuite> <!-- Test -->
